[2021-02-07 23:38:13] START
[2021-02-07 23:44:14] EDIT ophidian/controllers/default.py: -1
[2021-02-09 19:59:56] CREATE task.py: 0
[2021-02-09 20:18:23] DELETE ophidian/models/task.py: 0
[2021-02-23 18:21:24] EDIT ophidian/models/db.py: 3
[2021-02-23 18:22:47] EDIT ophidian/models/db.py: 0
[2021-02-23 18:23:48] EDIT ophidian/models/db.py: 0
[2021-02-23 18:24:51] EDIT ophidian/models/db.py: 0
[2021-02-25 19:25:49] CREATE files.py: 0
[2021-02-25 19:25:59] CREATE processing.py: 0
[2021-02-25 19:26:15] CREATE results.py: 0
[2021-02-25 19:27:28] CREATE files.html: 0
[2021-02-25 19:27:43] CREATE processing.html: 0
[2021-02-25 19:27:56] CREATE results.html: 0
[2021-02-25 19:28:33] DELETE ophidian/views/files.html: -3
[2021-02-25 19:28:39] DELETE ophidian/views/processing.html: -3
[2021-02-25 19:28:43] DELETE ophidian/views/results.html: -3
[2021-02-25 19:28:59] CREATE default/files.html: 0
[2021-02-25 19:29:13] CREATE default/processing.html: 0
[2021-02-25 19:29:38] CREATE default/results.html: 0
